find_header: checking for prism.h in /Users/fujisyo/Desktop/test/rails_apps/HerokuApp/vendor/bundle/ruby/3.0.0/gems/prism-1.2.0/include... -------------------- yes

"clang -fdeclspec -o conftest -I/Users/fujisyo/.rbenv/versions/3.0.6/include/ruby-3.0.0/arm64-darwin22 -I/Users/fujisyo/.rbenv/versions/3.0.6/include/ruby-3.0.0/ruby/backward -I/Users/fujisyo/.rbenv/versions/3.0.6/include/ruby-3.0.0 -I. -I/Users/fujisyo/.rbenv/versions/3.0.6/include  -D_XOPEN_SOURCE -D_DARWIN_C_SOURCE -D_DARWIN_UNLIMITED_SELECT -D_REENTRANT   -O3 -ggdb3 -Wall -Wextra -Wdeprecated-declarations -Wdivision-by-zero -Wimplicit-function-declaration -Wimplicit-int -Wmisleading-indentation -Wpointer-arith -Wshorten-64-to-32 -Wwrite-strings -Wmissing-noreturn -Wno-cast-function-type -Wno-constant-logical-operand -Wno-long-long -Wno-missing-field-initializers -Wno-overlength-strings -Wno-parentheses-equality -Wno-self-assign -Wno-tautological-compare -Wno-unused-parameter -Wno-unused-value -Wunused-variable -Wextra-tokens -fno-common -pipe conftest.c  -L. -L/Users/fujisyo/.rbenv/versions/3.0.6/lib -L. -L/Users/fujisyo/.rbenv/versions/3.0.6/lib  -fstack-protector-strong -L/usr/local/lib  -m64   -lruby.3.0   "
checked program was:
/* begin */
1: #include "ruby.h"
2: 
3: int main(int argc, char **argv)
4: {
5:   return !!argv[argc];
6: }
/* end */

"clang -E -I/Users/fujisyo/.rbenv/versions/3.0.6/include/ruby-3.0.0/arm64-darwin22 -I/Users/fujisyo/.rbenv/versions/3.0.6/include/ruby-3.0.0/ruby/backward -I/Users/fujisyo/.rbenv/versions/3.0.6/include/ruby-3.0.0 -I. -I/Users/fujisyo/.rbenv/versions/3.0.6/include  -D_XOPEN_SOURCE -D_DARWIN_C_SOURCE -D_DARWIN_UNLIMITED_SELECT -D_REENTRANT   -O3 -ggdb3 -Wall -Wextra -Wdeprecated-declarations -Wdivision-by-zero -Wimplicit-function-declaration -Wimplicit-int -Wmisleading-indentation -Wpointer-arith -Wshorten-64-to-32 -Wwrite-strings -Wmissing-noreturn -Wno-cast-function-type -Wno-constant-logical-operand -Wno-long-long -Wno-missing-field-initializers -Wno-overlength-strings -Wno-parentheses-equality -Wno-self-assign -Wno-tautological-compare -Wno-unused-parameter -Wno-unused-value -Wunused-variable -Wextra-tokens -fno-common -pipe  conftest.c -o conftest.i"
conftest.c:3:10: fatal error: 'prism.h' file not found
    3 | #include <prism.h>
      |          ^~~~~~~~~
1 error generated.
checked program was:
/* begin */
1: #include "ruby.h"
2: 
3: #include <prism.h>
/* end */

"clang -E -I/Users/fujisyo/.rbenv/versions/3.0.6/include/ruby-3.0.0/arm64-darwin22 -I/Users/fujisyo/.rbenv/versions/3.0.6/include/ruby-3.0.0/ruby/backward -I/Users/fujisyo/.rbenv/versions/3.0.6/include/ruby-3.0.0 -I. -I/Users/fujisyo/.rbenv/versions/3.0.6/include  -D_XOPEN_SOURCE -D_DARWIN_C_SOURCE -D_DARWIN_UNLIMITED_SELECT -D_REENTRANT   -O3 -ggdb3 -Wall -Wextra -Wdeprecated-declarations -Wdivision-by-zero -Wimplicit-function-declaration -Wimplicit-int -Wmisleading-indentation -Wpointer-arith -Wshorten-64-to-32 -Wwrite-strings -Wmissing-noreturn -Wno-cast-function-type -Wno-constant-logical-operand -Wno-long-long -Wno-missing-field-initializers -Wno-overlength-strings -Wno-parentheses-equality -Wno-self-assign -Wno-tautological-compare -Wno-unused-parameter -Wno-unused-value -Wunused-variable -Wextra-tokens -fno-common -pipe -I/Users/fujisyo/Desktop/test/rails_apps/HerokuApp/vendor/bundle/ruby/3.0.0/gems/prism-1.2.0/include conftest.c -o conftest.i"
checked program was:
/* begin */
1: #include "ruby.h"
2: 
3: #include <prism.h>
/* end */

--------------------

find_header: checking for prism/extension.h in /Users/fujisyo/Desktop/test/rails_apps/HerokuApp/vendor/bundle/ruby/3.0.0/gems/prism-1.2.0/ext... -------------------- yes

"clang -E -I/Users/fujisyo/.rbenv/versions/3.0.6/include/ruby-3.0.0/arm64-darwin22 -I/Users/fujisyo/.rbenv/versions/3.0.6/include/ruby-3.0.0/ruby/backward -I/Users/fujisyo/.rbenv/versions/3.0.6/include/ruby-3.0.0 -I. -I/Users/fujisyo/Desktop/test/rails_apps/HerokuApp/vendor/bundle/ruby/3.0.0/gems/prism-1.2.0/include -I/Users/fujisyo/.rbenv/versions/3.0.6/include  -D_XOPEN_SOURCE -D_DARWIN_C_SOURCE -D_DARWIN_UNLIMITED_SELECT -D_REENTRANT   -O3 -ggdb3 -Wall -Wextra -Wdeprecated-declarations -Wdivision-by-zero -Wimplicit-function-declaration -Wimplicit-int -Wmisleading-indentation -Wpointer-arith -Wshorten-64-to-32 -Wwrite-strings -Wmissing-noreturn -Wno-cast-function-type -Wno-constant-logical-operand -Wno-long-long -Wno-missing-field-initializers -Wno-overlength-strings -Wno-parentheses-equality -Wno-self-assign -Wno-tautological-compare -Wno-unused-parameter -Wno-unused-value -Wunused-variable -Wextra-tokens -fno-common -pipe  conftest.c -o conftest.i"
conftest.c:3:10: fatal error: 'prism/extension.h' file not found
    3 | #include <prism/extension.h>
      |          ^~~~~~~~~~~~~~~~~~~
1 error generated.
checked program was:
/* begin */
1: #include "ruby.h"
2: 
3: #include <prism/extension.h>
/* end */

"clang -E -I/Users/fujisyo/.rbenv/versions/3.0.6/include/ruby-3.0.0/arm64-darwin22 -I/Users/fujisyo/.rbenv/versions/3.0.6/include/ruby-3.0.0/ruby/backward -I/Users/fujisyo/.rbenv/versions/3.0.6/include/ruby-3.0.0 -I. -I/Users/fujisyo/Desktop/test/rails_apps/HerokuApp/vendor/bundle/ruby/3.0.0/gems/prism-1.2.0/include -I/Users/fujisyo/.rbenv/versions/3.0.6/include  -D_XOPEN_SOURCE -D_DARWIN_C_SOURCE -D_DARWIN_UNLIMITED_SELECT -D_REENTRANT   -O3 -ggdb3 -Wall -Wextra -Wdeprecated-declarations -Wdivision-by-zero -Wimplicit-function-declaration -Wimplicit-int -Wmisleading-indentation -Wpointer-arith -Wshorten-64-to-32 -Wwrite-strings -Wmissing-noreturn -Wno-cast-function-type -Wno-constant-logical-operand -Wno-long-long -Wno-missing-field-initializers -Wno-overlength-strings -Wno-parentheses-equality -Wno-self-assign -Wno-tautological-compare -Wno-unused-parameter -Wno-unused-value -Wunused-variable -Wextra-tokens -fno-common -pipe -I/Users/fujisyo/Desktop/test/rails_apps/HerokuApp/vendor/bundle/ruby/3.0.0/gems/prism-1.2.0/ext conftest.c -o conftest.i"
checked program was:
/* begin */
1: #include "ruby.h"
2: 
3: #include <prism/extension.h>
/* end */

--------------------

block in append_cflags: checking for whether -fvisibility=hidden is accepted as CFLAGS... -------------------- yes

"clang -fdeclspec -I/Users/fujisyo/.rbenv/versions/3.0.6/include/ruby-3.0.0/arm64-darwin22 -I/Users/fujisyo/.rbenv/versions/3.0.6/include/ruby-3.0.0/ruby/backward -I/Users/fujisyo/.rbenv/versions/3.0.6/include/ruby-3.0.0 -I. -I/Users/fujisyo/Desktop/test/rails_apps/HerokuApp/vendor/bundle/ruby/3.0.0/gems/prism-1.2.0/include -I/Users/fujisyo/Desktop/test/rails_apps/HerokuApp/vendor/bundle/ruby/3.0.0/gems/prism-1.2.0/ext -I/Users/fujisyo/.rbenv/versions/3.0.6/include  -D_XOPEN_SOURCE -D_DARWIN_C_SOURCE -D_DARWIN_UNLIMITED_SELECT -D_REENTRANT   -O3 -ggdb3 -Wall -Wextra -Wdeprecated-declarations -Wdivision-by-zero -Wimplicit-function-declaration -Wimplicit-int -Wmisleading-indentation -Wpointer-arith -Wshorten-64-to-32 -Wwrite-strings -Wmissing-noreturn -Wno-cast-function-type -Wno-constant-logical-operand -Wno-long-long -Wno-missing-field-initializers -Wno-overlength-strings -Wno-parentheses-equality -Wno-self-assign -Wno-tautological-compare -Wno-unused-parameter -Wno-unused-value -Wunused-variable -Wextra-tokens -fno-common -pipe -m64 -fvisibility=hidden -Werror -c conftest.c"
checked program was:
/* begin */
1: #include "ruby.h"
2: 
3: int main(int argc, char **argv)
4: {
5:   return !!argv[argc];
6: }
/* end */

--------------------

